<?xml version="1.0" encoding="UTF-8"?>
<!-- Generated by org.testng.reporters.JUnitReportReporter -->
<testsuite hostname="L7102105011" failures="0" tests="1" name="DemoAPI.GetApi" time="2.279" errors="0" timestamp="2024-03-26T14:36:21 IST" skipped="0">
  <testcase classname="DemoAPI.GetApi" name="GetAPIAutomation" time="2.279"/>
  <system-out/>
</testsuite> <!-- DemoAPI.GetApi -->
